<?xml version="1.0" encoding="UTF-8"?>
<!-- Generated by org.testng.reporters.JUnitReportReporter -->
<testsuite hostname="Jenish" failures="0" tests="3" name="Search.TestingGoogleSearch" time="3.591" errors="0" timestamp="2022-12-30T14:17:30 CST" skipped="0">
  <testcase classname="Search.TestingGoogleSearch" name="testFlow" time="0.929"/>
  <system-out/>
  <testcase classname="Search.TestingGoogleSearch" name="testFlow" time="0.940"/>
  <system-out/>
  <testcase classname="Search.TestingGoogleSearch" name="testFlow" time="1.722"/>
  <system-out/>
</testsuite> <!-- Search.TestingGoogleSearch -->
